# JRE version: Java(TM) SE Runtime Environment 18.9 (11.0.18+9) (build 11.0.18+9-LTS-195)
# Java VM: Java HotSpot(TM) 64-Bit Server VM 18.9 (11.0.18+9-LTS-195, mixed mode, tiered, compressed oops, g1 gc, windows-amd64)
Heap:
 garbage-first heap   total 59392K, used 14049K [0x00000000a1200000, 0x0000000100000000)
  region size 1024K, 1 young (1024K), 1 survivors (1024K)
 Metaspace       used 15595K, capacity 15868K, committed 16128K, reserved 1062912K
  class space    used 1601K, capacity 1726K, committed 1792K, reserved 1048576K
GC Heap History (10 events):
Event: 1.354 GC heap after
{Heap after GC invocations=18 (full 0):
 garbage-first heap   total 17408K, used 9532K [0x00000000a1200000, 0x0000000100000000)
  region size 1024K, 1 young (1024K), 1 survivors (1024K)
 Metaspace       used 14935K, capacity 15228K, committed 15232K, reserved 1062912K
  class space    used 1541K, capacity 1662K, committed 1664K, reserved 1048576K
}
Event: 1.451 GC heap before
{Heap before GC invocations=19 (full 0):
 garbage-first heap   total 17408K, used 11580K [0x00000000a1200000, 0x0000000100000000)
  region size 1024K, 3 young (3072K), 1 survivors (1024K)
 Metaspace       used 15045K, capacity 15317K, committed 15616K, reserved 1062912K
  class space    used 1552K, capacity 1671K, committed 1792K, reserved 1048576K
}
Event: 1.455 GC heap after
{Heap after GC invocations=20 (full 0):
 garbage-first heap   total 30720K, used 10116K [0x00000000a1200000, 0x0000000100000000)
  region size 1024K, 1 young (1024K), 1 survivors (1024K)
 Metaspace       used 15045K, capacity 15317K, committed 15616K, reserved 1062912K
  class space    used 1552K, capacity 1671K, committed 1792K, reserved 1048576K
}
Event: 1.533 GC heap before
{Heap before GC invocations=20 (full 0):
 garbage-first heap   total 30720K, used 15236K [0x00000000a1200000, 0x0000000100000000)
  region size 1024K, 6 young (6144K), 1 survivors (1024K)
 Metaspace       used 15273K, capacity 15630K, committed 15872K, reserved 1062912K
  class space    used 1572K, capacity 1712K, committed 1792K, reserved 1048576K
}
Event: 1.536 GC heap after
{Heap after GC invocations=21 (full 0):
 garbage-first heap   total 30720K, used 10665K [0x00000000a1200000, 0x0000000100000000)
  region size 1024K, 1 young (1024K), 1 survivors (1024K)
 Metaspace       used 15273K, capacity 15630K, committed 15872K, reserved 1062912K
  class space    used 1572K, capacity 1712K, committed 1792K, reserved 1048576K
}
Event: 1.585 GC heap before
{Heap before GC invocations=21 (full 0):
 garbage-first heap   total 30720K, used 16809K [0x00000000a1200000, 0x0000000100000000)
  region size 1024K, 7 young (7168K), 1 survivors (1024K)
 Metaspace       used 15405K, capacity 15696K, committed 15872K, reserved 1062912K
  class space    used 1585K, capacity 1712K, committed 1792K, reserved 1048576K
}
Event: 1.590 GC heap after
{Heap after GC invocations=22 (full 0):
 garbage-first heap   total 30720K, used 11647K [0x00000000a1200000, 0x0000000100000000)
  region size 1024K, 1 young (1024K), 1 survivors (1024K)
 Metaspace       used 15405K, capacity 15696K, committed 15872K, reserved 1062912K
  class space    used 1585K, capacity 1712K, committed 1792K, reserved 1048576K
}
Event: 1.627 GC heap before
{Heap before GC invocations=22 (full 0):
 garbage-first heap   total 30720K, used 17791K [0x00000000a1200000, 0x0000000100000000)
  region size 1024K, 7 young (7168K), 1 survivors (1024K)
 Metaspace       used 15438K, capacity 15706K, committed 15872K, reserved 1062912K
  class space    used 1589K, capacity 1715K, committed 1792K, reserved 1048576K
}
Event: 1.631 GC heap after
{Heap after GC invocations=23 (full 0):
 garbage-first heap   total 30720K, used 12535K [0x00000000a1200000, 0x0000000100000000)
  region size 1024K, 1 young (1024K), 1 survivors (1024K)
 Metaspace       used 15438K, capacity 15706K, committed 15872K, reserved 1062912K
  class space    used 1589K, capacity 1715K, committed 1792K, reserved 1048576K
}
Event: 1.717 GC heap before
{Heap before GC invocations=23 (full 0):
 garbage-first heap   total 30720K, used 18679K [0x00000000a1200000, 0x0000000100000000)
  region size 1024K, 7 young (7168K), 1 survivors (1024K)
 Metaspace       used 15595K, capacity 15868K, committed 16128K, reserved 1062912K
  class space    used 1601K, capacity 1726K, committed 1792K, reserved 1048576K
}

